<?xml version="1.0" encoding="UTF-8"?>
<testsuite name="com.jedi.LightSaberTest" tests="1" skipped="0" failures="0" errors="0" timestamp="2020-08-05T15:39:00" hostname="LAPTOP-PPQ781RU" time="0.009">
  <properties/>
  <testcase name="initialChargeIsFull()" classname="com.jedi.LightSaberTest" time="0.009"/>
  <system-out><![CDATA[]]></system-out>
  <system-err><![CDATA[]]></system-err>
</testsuite>
